#
# There is insufficient memory for the Java Runtime Environment to continue.
# Native memory allocation (mmap) failed to map 201326592 bytes. Error detail: G1 virtual space
# Possible reasons:
#   The system is out of physical RAM or swap space
#   This process is running with CompressedOops enabled, and the Java Heap may be blocking the growth of the native heap
# Possible solutions:
#   Reduce memory load on the system
#   Increase physical memory or swap space
#   Check if swap backing store is full
#   Decrease Java heap size (-Xmx/-Xms)
#   Decrease number of Java threads
#   Decrease Java thread stack sizes (-Xss)
#   Set larger code cache with -XX:ReservedCodeCacheSize=
#   JVM is running with Zero Based Compressed Oops mode in which the Java heap is
#     placed in the first 32GB address space. The Java Heap base address is the
#     maximum limit for the native heap growth. Please use -XX:HeapBaseMinAddress
#     to set the Java Heap base and to place the Java Heap above 32GB virtual address.
# This output file may be truncated or incomplete.
#
#  Out of Memory Error (os_windows.cpp:3898), pid=19272, tid=11004
#
# JRE version:  (21.0.7+9) (build )
# Java VM: OpenJDK 64-Bit Server VM (21.0.7+9-b895.130, mixed mode, sharing, tiered, compressed oops, compressed class ptrs, g1 gc, windows-amd64)
# No core dump will be written. Minidumps are not enabled by default on client versions of Windows
#

---------------  S U M M A R Y ------------

Command Line: git4idea.http.GitAskPassApp Username for 'https://github.com': 

Host: Intel(R) Core(TM) i5-7200U CPU @ 2.50GHz, 4 cores, 11G,  Windows 10 , 64 bit Build 19041 (10.0.19041.5915)
Time: Tue Jul 22 20:12:51 2025 Sri Lanka Standard Time elapsed time: 0.138615 seconds (0d 0h 0m 0s)

---------------  T H R E A D  ---------------

Current thread (0x00000145a327a610):  JavaThread "Unknown thread" [_thread_in_vm, id=11004, stack(0x0000001ecbb00000,0x0000001ecbc00000) (1024K)]

Stack: [0x0000001ecbb00000,0x0000001ecbc00000]
Native frames: (J=compiled Java code, j=interpreted, Vv=VM code, C=native code)
V  [jvm.dll+0x6e6049]
V  [jvm.dll+0x8c4343]
V  [jvm.dll+0x8c689e]
V  [jvm.dll+0x8c6f83]
V  [jvm.dll+0x289266]
V  [jvm.dll+0x6e28c5]
V  [jvm.dll+0x6d634a]
V  [jvm.dll+0x36388b]
V  [jvm.dll+0x36b456]
V  [jvm.dll+0x3bd7e6]
V  [jvm.dll+0x3bdab8]
V  [jvm.dll+0x335fdc]
V  [jvm.dll+0x336ccb]
V  [jvm.dll+0x88b7a9]
V  [jvm.dll+0x3ca9b8]
V  [jvm.dll+0x8747f8]
V  [jvm.dll+0x45f3ce]
V  [jvm.dll+0x4610b1]
C  [jli.dll+0x52ab]
C  [ucrtbase.dll+0x21bb2]
C  [KERNEL32.DLL+0x17374]
C  [ntdll.dll+0x4cc91]


---------------  P R O C E S S  ---------------

Threads class SMR info:
_java_thread_list=0x00007fff586cb148, length=0, elements={
}

Java Threads: ( => current thread )
Total: 0

Other Threads:
  0x00000145a55610f0 WorkerThread "GC Thread#0"                     [id=15780, stack(0x0000001ecbc00000,0x0000001ecbd00000) (1024K)]
  0x00000145a556e100 ConcurrentGCThread "G1 Main Marker"            [id=15004, stack(0x0000001ecbd00000,0x0000001ecbe00000) (1024K)]
  0x00000145a556f3a0 WorkerThread "G1 Conc#0"                       [id=10204, stack(0x0000001ecbe00000,0x0000001ecbf00000) (1024K)]

[error occurred during error reporting (printing all threads), id 0xc0000005, EXCEPTION_ACCESS_VIOLATION (0xc0000005) at pc=0x00007fff57db90b7]
VM state: not at safepoint (not fully initialized)

VM Mutex/Monitor currently owned by a thread:  ([mutex/lock_event])
[0x00007fff5873fab8] Heap_lock - owner thread: 0x00000145a327a610

Heap address: 0x0000000741800000, size: 3048 MB, Compressed Oops mode: Zero based, Oop shift amount: 3

CDS archive(s) mapped at: [0x0000000000000000-0x0000000000000000-0x0000000000000000), size 0, SharedBaseAddress: 0x0000000800000000, ArchiveRelocationMode: 1.
Narrow klass base: 0x0000000000000000, Narrow klass shift: 0, Narrow klass range: 0x0

GC Precious Log:
 CardTable entry size: 512
 Card Set container configuration: InlinePtr #cards 4 size 8 Array Of Cards #cards 16 size 48 Howl #buckets 8 coarsen threshold 3686 Howl Bitmap #cards 512 size 80 coarsen threshold 460 Card regions per heap region 1 cards per card region 4096

Heap:
 garbage-first heap   total 0K, used 0K [0x0000000741800000, 0x0000000800000000)
  region size 2048K, 0 young (0K), 0 survivors (0K)
 Metaspace       used 0K, committed 0K, reserved 0K
  class space    used 0K, committed 0K, reserved 0K

Heap Regions: E=young(eden), S=young(survivor), O=old, HS=humongous(starts), HC=humongous(continues), CS=collection set, F=free, TAMS=top-at-mark-start, PB=parsable bottom

Card table byte_map: [0x00000145b8b60000,0x00000145b9160000] _byte_map_base: 0x00000145b5154000

Marking Bits: (CMBitMap*) 0x00000145a55617f0
 Bits: [0x00000145b9160000, 0x00000145bc100000)

GC Heap History (0 events):
No events

Dll operation events (1 events):
Event: 0.030 Loaded shared library D:\Program Files\IntelliJ IDEA 2025.1.2\jbr\bin\java.dll

Deoptimization events (0 events):
No events

Classes loaded (0 events):
No events

Classes unloaded (0 events):
No events

Classes redefined (0 events):
No events

Internal exceptions (0 events):
No events

ZGC Phase Switch (0 events):
No events

VM Operations (0 events):
No events

Memory protections (0 events):
No events

Nmethod flushes (0 events):
No events

Events (0 events):
No events


Dynamic libraries:
0x00007ff6c05d0000 - 0x00007ff6c05da000 	D:\Program Files\IntelliJ IDEA 2025.1.2\jbr\bin\java.exe
0x00007fffa7790000 - 0x00007fffa7988000 	C:\WINDOWS\SYSTEM32\ntdll.dll
0x00007fffa6410000 - 0x00007fffa64d2000 	C:\WINDOWS\System32\KERNEL32.DLL
0x00007fffa5420000 - 0x00007fffa5716000 	C:\WINDOWS\System32\KERNELBASE.dll
0x00007fffa5240000 - 0x00007fffa5340000 	C:\WINDOWS\System32\ucrtbase.dll
0x00007fff83db0000 - 0x00007fff83dc8000 	D:\Program Files\IntelliJ IDEA 2025.1.2\jbr\bin\jli.dll
0x00007fff9c720000 - 0x00007fff9c73b000 	D:\Program Files\IntelliJ IDEA 2025.1.2\jbr\bin\VCRUNTIME140.dll
0x00007fffa5d70000 - 0x00007fffa5f0d000 	C:\WINDOWS\System32\USER32.dll
0x00007fff90ad0000 - 0x00007fff90d6a000 	C:\WINDOWS\WinSxS\amd64_microsoft.windows.common-controls_6595b64144ccf1df_6.0.19041.5915_none_60b4b9d171f9c7c7\COMCTL32.dll
0x00007fffa5340000 - 0x00007fffa5362000 	C:\WINDOWS\System32\win32u.dll
0x00007fffa64e0000 - 0x00007fffa657e000 	C:\WINDOWS\System32\msvcrt.dll
0x00007fffa6c20000 - 0x00007fffa6c4b000 	C:\WINDOWS\System32\GDI32.dll
0x00007fffa5720000 - 0x00007fffa5839000 	C:\WINDOWS\System32\gdi32full.dll
0x00007fffa4f00000 - 0x00007fffa4f9d000 	C:\WINDOWS\System32\msvcp_win.dll
0x00007fffa6d70000 - 0x00007fffa6d9f000 	C:\WINDOWS\System32\IMM32.DLL
0x00007fffa1cc0000 - 0x00007fffa1ccc000 	D:\Program Files\IntelliJ IDEA 2025.1.2\jbr\bin\vcruntime140_1.dll
0x00007fff7ca90000 - 0x00007fff7cb1d000 	D:\Program Files\IntelliJ IDEA 2025.1.2\jbr\bin\msvcp140.dll
0x00007fff57a70000 - 0x00007fff58831000 	D:\Program Files\IntelliJ IDEA 2025.1.2\jbr\bin\server\jvm.dll
0x00007fffa5c50000 - 0x00007fffa5d01000 	C:\WINDOWS\System32\ADVAPI32.dll
0x00007fffa6cd0000 - 0x00007fffa6d6f000 	C:\WINDOWS\System32\sechost.dll
0x00007fffa6610000 - 0x00007fffa6733000 	C:\WINDOWS\System32\RPCRT4.dll
0x00007fffa5100000 - 0x00007fffa5127000 	C:\WINDOWS\System32\bcrypt.dll
0x00007fffa5960000 - 0x00007fffa59cb000 	C:\WINDOWS\System32\WS2_32.dll
0x00007fffa43b0000 - 0x00007fffa43fb000 	C:\WINDOWS\SYSTEM32\POWRPROF.dll
0x00007fff9c2f0000 - 0x00007fff9c317000 	C:\WINDOWS\SYSTEM32\WINMM.dll
0x00007fff9c510000 - 0x00007fff9c51a000 	C:\WINDOWS\SYSTEM32\VERSION.dll
0x00007fffa4270000 - 0x00007fffa4282000 	C:\WINDOWS\SYSTEM32\UMPDC.dll
0x00007fffa3690000 - 0x00007fffa36a2000 	C:\WINDOWS\SYSTEM32\kernel.appcore.dll
0x00007fff9d630000 - 0x00007fff9d63a000 	D:\Program Files\IntelliJ IDEA 2025.1.2\jbr\bin\jimage.dll
0x00007fffa3340000 - 0x00007fffa3541000 	C:\WINDOWS\SYSTEM32\DBGHELP.DLL
0x00007fff915f0000 - 0x00007fff91624000 	C:\WINDOWS\SYSTEM32\dbgcore.DLL
0x00007fffa5130000 - 0x00007fffa51b2000 	C:\WINDOWS\System32\bcryptPrimitives.dll
0x00007fff9a0e0000 - 0x00007fff9a100000 	D:\Program Files\IntelliJ IDEA 2025.1.2\jbr\bin\java.dll

dbghelp: loaded successfully - version: 4.0.5 - missing functions: none
symbol engine: initialized successfully - sym options: 0x614 - pdb path: .;D:\Program Files\IntelliJ IDEA 2025.1.2\jbr\bin;C:\WINDOWS\SYSTEM32;C:\WINDOWS\WinSxS\amd64_microsoft.windows.common-controls_6595b64144ccf1df_6.0.19041.5915_none_60b4b9d171f9c7c7;D:\Program Files\IntelliJ IDEA 2025.1.2\jbr\bin\server

VM Arguments:
java_command: git4idea.http.GitAskPassApp Username for 'https://github.com': 
java_class_path (initial): D:/Program Files/IntelliJ IDEA 2025.1.2/plugins/vcs-git/lib/git4idea-rt.jar;D:/Program Files/IntelliJ IDEA 2025.1.2/lib/externalProcess-rt.jar
Launcher Type: SUN_STANDARD

[Global flags]
     intx CICompilerCount                          = 3                                         {product} {ergonomic}
     uint ConcGCThreads                            = 1                                         {product} {ergonomic}
     uint G1ConcRefinementThreads                  = 4                                         {product} {ergonomic}
   size_t G1HeapRegionSize                         = 2097152                                   {product} {ergonomic}
    uintx GCDrainStackTargetSize                   = 64                                        {product} {ergonomic}
   size_t InitialHeapSize                          = 201326592                                 {product} {ergonomic}
   size_t MarkStackSize                            = 4194304                                   {product} {ergonomic}
   size_t MaxHeapSize                              = 3196059648                                {product} {ergonomic}
   size_t MinHeapDeltaBytes                        = 2097152                                   {product} {ergonomic}
   size_t MinHeapSize                              = 8388608                                   {product} {ergonomic}
    uintx NonNMethodCodeHeapSize                   = 5832780                                {pd product} {ergonomic}
    uintx NonProfiledCodeHeapSize                  = 122912730                              {pd product} {ergonomic}
    uintx ProfiledCodeHeapSize                     = 122912730                              {pd product} {ergonomic}
    uintx ReservedCodeCacheSize                    = 251658240                              {pd product} {ergonomic}
     bool SegmentedCodeCache                       = true                                      {product} {ergonomic}
   size_t SoftMaxHeapSize                          = 3196059648                             {manageable} {ergonomic}
     bool UseCompressedOops                        = true                           {product lp64_product} {ergonomic}
     bool UseG1GC                                  = true                                      {product} {ergonomic}
     bool UseLargePagesIndividualAllocation        = false                                  {pd product} {ergonomic}

Logging:
Log output configuration:
 #0: stdout all=warning uptime,level,tags foldmultilines=false
 #1: stderr all=off uptime,level,tags foldmultilines=false

Environment Variables:
JAVA_HOME=C:\Program Files\Java\jdk-17
PATH=C:/Program Files/Git/mingw64/libexec/git-core;C:/Program Files/Git/mingw64/libexec/git-core;C:\Program Files\Git\mingw64\bin;C:\Program Files\Git\usr\bin;C:\Users\User\bin;C:\Program Files\Common Files\Oracle\Java\javapath;C:\WINDOWS\system32;C:\WINDOWS;C:\WINDOWS\System32\Wbem;C:\WINDOWS\System32\WindowsPowerShell\v1.0\;C:\WINDOWS\System32\OpenSSH\;C:\Program Files\Java\jdk-22\bin;C:\Program Files\Java\jdk-17\bin;C:\MinGW\bin;C:\Program Files\Git\cmd;C:\ProgramData\chocolatey\bin;C:\Program Files\MongoDB\Server\7.0\bin;C:\Users\User\AppData\Local\Programs\Python\Python312\Scripts;C:\xampp\php;C:\ProgramData\ComposerSetup\bin;C:\Program Files\nodejs\;C:\Program Files\Docker\Docker\resources\bin;D:\Program Files\IntelliJ IDEA 2025.1.2\bin;C:\Users\User\AppData\Local\Programs\Python\Python313\Scripts\;C:\Users\User\AppData\Local\Programs\Python\Python313\;C:\Users\User\AppData\Local\Programs\Python\Launcher\;C:\Users\User\AppData\Local\Microsoft\WindowsApps;C:\Users\User\AppData\Local\Programs\Microsoft VS Code\bin;C:\Users\User\AppData\Local\Coursier\data\bin;C:\Users\User\AppData\Roaming\Composer\vendor\bin;C:\Users\User\AppData\Roaming\npm
USERNAME=User
DISPLAY=:0.0
LC_ALL=en_US.UTF-8
TERM=xterm-256color
TMPDIR=C:\Users\User\AppData\Local\Temp
OS=Windows_NT
PROCESSOR_IDENTIFIER=Intel64 Family 6 Model 142 Stepping 9, GenuineIntel
TMP=C:\Users\User\AppData\Local\Temp
TEMP=C:\Users\User\AppData\Local\Temp




Periodic native trim disabled

JNI global refs:
JNI global refs: 0, weak refs: 0

JNI global refs memory usage: 0, weak refs: 0

Process memory usage:
Resident Set Size: 10768K (0% of 12478908K total physical memory with 1783756K free physical memory)

OOME stack traces (most recent first):
Classloader memory used:

---------------  S Y S T E M  ---------------

OS:
 Windows 10 , 64 bit Build 19041 (10.0.19041.5915)
OS uptime: 3 days 6:45 hours
Hyper-V role detected

CPU: total 4 (initial active 4) (2 cores per cpu, 2 threads per core) family 6 model 142 stepping 9 microcode 0xd6, cx8, cmov, fxsr, ht, mmx, 3dnowpref, sse, sse2, sse3, ssse3, sse4.1, sse4.2, popcnt, lzcnt, tsc, tscinvbit, avx, avx2, aes, erms, clmul, bmi1, bmi2, adx, fma, vzeroupper, clflush, clflushopt, hv, rdtscp, f16c
Processor Information for the first 4 processors :
  Max Mhz: 2701, Current Mhz: 700, Mhz Limit: 2701

Memory: 4k page, system-wide physical 12186M (1741M free)
TotalPageFile size 18237M (AvailPageFile size 95M)
current process WorkingSet (physical memory assigned to process): 10M, peak: 10M
current process commit charge ("private bytes"): 52M, peak: 243M

vm_info: OpenJDK 64-Bit Server VM (21.0.7+9-b895.130) for windows-amd64 JRE (21.0.7+9-b895.130), built on 2025-05-13 by "builduser" with MS VC++ 16.10 / 16.11 (VS2019)

END.
